[INFO] Scanning for projects...
[INFO] 
[INFO] ----------------< com.example:46QA_3_DemoQA_POM_Maven >-----------------
[INFO] Building 46QA_3_DemoQA_POM_Maven 1.0-SNAPSHOT
[INFO]   from pom.xml
[INFO] --------------------------------[ jar ]---------------------------------
[INFO] 
[INFO] --- clean:3.2.0:clean (default-clean) @ 46QA_3_DemoQA_POM_Maven ---
[INFO] Deleting C:\Users\ovash\Desktop\46QA\46QA_3_DemoQA_POM_Maven\target
[INFO] 
[INFO] --- resources:3.0.2:resources (default-resources) @ 46QA_3_DemoQA_POM_Maven ---
[INFO] Using 'UTF-8' encoding to copy filtered resources.
[INFO] Copying 0 resource
[INFO] 
[INFO] --- compiler:3.7.0:compile (default-compile) @ 46QA_3_DemoQA_POM_Maven ---
[INFO] Changes detected - recompiling the module!
[INFO] Compiling 15 source files to C:\Users\ovash\Desktop\46QA\46QA_3_DemoQA_POM_Maven\target\classes
[INFO] 
[INFO] --- resources:3.0.2:testResources (default-testResources) @ 46QA_3_DemoQA_POM_Maven ---
[INFO] Using 'UTF-8' encoding to copy filtered resources.
[INFO] Copying 3 resources
[INFO] 
[INFO] --- compiler:3.7.0:testCompile (default-testCompile) @ 46QA_3_DemoQA_POM_Maven ---
[INFO] Changes detected - recompiling the module!
[INFO] Compiling 11 source files to C:\Users\ovash\Desktop\46QA\46QA_3_DemoQA_POM_Maven\target\test-classes
[INFO] -------------------------------------------------------------
[ERROR] COMPILATION ERROR : 
[INFO] -------------------------------------------------------------
[ERROR] /C:/Users/ovash/Desktop/46QA/46QA_3_DemoQA_POM_Maven/src/test/java/demoqa/book_store/LoginTests.java:[6,20] package demoqa.utils does not exist
[ERROR] /C:/Users/ovash/Desktop/46QA/46QA_3_DemoQA_POM_Maven/src/test/java/demoqa/elements/TextBoxTests.java:[7,20] package demoqa.utils does not exist
[ERROR] /C:/Users/ovash/Desktop/46QA/46QA_3_DemoQA_POM_Maven/src/test/java/demoqa/book_store/LoginTests.java:[19,27] cannot find symbol
  symbol:   class RetryAnalyser
  location: class demoqa.book_store.LoginTests
[ERROR] /C:/Users/ovash/Desktop/46QA/46QA_3_DemoQA_POM_Maven/src/test/java/demoqa/elements/TextBoxTests.java:[29,75] cannot find symbol
  symbol:   class DataProviders
  location: class demoqa.elements.TextBoxTests
[INFO] 4 errors 
[INFO] -------------------------------------------------------------
[INFO] ------------------------------------------------------------------------
[INFO] BUILD FAILURE
[INFO] ------------------------------------------------------------------------
[INFO] Total time:  3.448 s
[INFO] Finished at: 2024-10-23T22:09:56+02:00
[INFO] ------------------------------------------------------------------------
[ERROR] Failed to execute goal org.apache.maven.plugins:maven-compiler-plugin:3.7.0:testCompile (default-testCompile) on project 46QA_3_DemoQA_POM_Maven: Compilation failure: Compilation failure: 
[ERROR] /C:/Users/ovash/Desktop/46QA/46QA_3_DemoQA_POM_Maven/src/test/java/demoqa/book_store/LoginTests.java:[6,20] package demoqa.utils does not exist
[ERROR] /C:/Users/ovash/Desktop/46QA/46QA_3_DemoQA_POM_Maven/src/test/java/demoqa/elements/TextBoxTests.java:[7,20] package demoqa.utils does not exist
[ERROR] /C:/Users/ovash/Desktop/46QA/46QA_3_DemoQA_POM_Maven/src/test/java/demoqa/book_store/LoginTests.java:[19,27] cannot find symbol
[ERROR]   symbol:   class RetryAnalyser
[ERROR]   location: class demoqa.book_store.LoginTests
[ERROR] /C:/Users/ovash/Desktop/46QA/46QA_3_DemoQA_POM_Maven/src/test/java/demoqa/elements/TextBoxTests.java:[29,75] cannot find symbol
[ERROR]   symbol:   class DataProviders
[ERROR]   location: class demoqa.elements.TextBoxTests
[ERROR] -> [Help 1]
[ERROR] 
[ERROR] To see the full stack trace of the errors, re-run Maven with the -e switch.
[ERROR] Re-run Maven using the -X switch to enable full debug logging.
[ERROR] 
[ERROR] For more information about the errors and possible solutions, please read the following articles:
[ERROR] [Help 1] http://cwiki.apache.org/confluence/display/MAVEN/MojoFailureException
